🔮 Building static site...
🔮 PRISM Hub — Static Build

  ✓ index.html
  ✓ doc/projects_mmc_docs_gdd-v2.2.html
  ✓ doc/projects_mmc_docs_sprint-plan.html
  ✓ doc/projects_mmc_docs_architecture.html
  ✓ doc/projects_mmc_docs_roadmap.html
  ✓ doc/MMC_meat-machine-cycle_PROJECT_STRUCTURE.html
  ✓ doc/projects_research_blender-ai-pipeline.html
  ✓ doc/projects_research_gamedev-engines-ai.html
  ✓ doc/projects_research_multi-machine-agent-teams.html
  ✓ doc/projects_research_n8n-workflow-automation.html
  ✓ news.html
  ✓ news/2026-02-24.html
  ✓ news/2026-02-23.html
  ✓ news/2026-02-22.html
  ✓ 404.html

🔮 Build complete: 15 pages → dist/
📦 Committing changes...
[main 404700e] 🔮 Auto-deploy 2026-02-24 07:00
 6 files changed, 384 insertions(+), 16 deletions(-)
 create mode 100644 deploy.error.log
 create mode 100644 deploy.log
 create mode 100644 dist/news/2026-02-24.html
🚀 Pushing to GitHub...
✅ Deployed! Cloudflare Pages will build automatically.
🔮 Building static site...
🔮 PRISM Hub — Static Build

  ✓ index.html
  ✓ doc/projects_mmc_docs_gdd-v2.2.html
  ✓ doc/projects_mmc_docs_sprint-plan.html
  ✓ doc/projects_mmc_docs_architecture.html
  ✓ doc/projects_mmc_docs_roadmap.html
  ✓ doc/MMC_meat-machine-cycle_PROJECT_STRUCTURE.html
  ✓ doc/projects_research_blender-ai-pipeline.html
  ✓ doc/projects_research_gamedev-engines-ai.html
  ✓ doc/projects_research_multi-machine-agent-teams.html
  ✓ doc/projects_research_n8n-workflow-automation.html
  ✓ news.html
  ✓ news/2026-02-24.html
  ✓ news/2026-02-23.html
  ✓ news/2026-02-22.html
  ✓ 404.html

🔮 Build complete: 15 pages → dist/
📦 Committing changes...
[main 8a46331] 🔮 Auto-deploy 2026-02-25 07:00
 3 files changed, 31 insertions(+), 1 deletion(-)
🚀 Pushing to GitHub...
✅ Deployed! Cloudflare Pages will build automatically.
🔮 Building static site...
🔮 PRISM Hub — Static Build

  ✓ index.html
  ✓ doc/projects_mmc_docs_gdd-v2.2.html
  ✓ doc/projects_mmc_docs_sprint-plan.html
  ✓ doc/projects_mmc_docs_architecture.html
  ✓ doc/projects_mmc_docs_roadmap.html
  ✓ doc/MMC_meat-machine-cycle_PROJECT_STRUCTURE.html
  ✓ doc/projects_research_blender-ai-pipeline.html
  ✓ doc/projects_research_gamedev-engines-ai.html
  ✓ doc/projects_research_multi-machine-agent-teams.html
  ✓ doc/projects_research_n8n-workflow-automation.html
  ✓ news.html
  ✓ news/2026-02-24.html
  ✓ news/2026-02-23.html
  ✓ news/2026-02-22.html
  ✓ 404.html

🔮 Build complete: 15 pages → dist/
📦 Committing changes...
[main e48df07] 🔮 Auto-deploy 2026-02-26 07:00
 3 files changed, 28 insertions(+), 1 deletion(-)
🚀 Pushing to GitHub...
✅ Deployed! Cloudflare Pages will build automatically.
🔮 Building static site...
🔮 PRISM Hub — Static Build

  ✓ index.html
  ✓ doc/projects_mmc_docs_gdd-v2.2.html
  ✓ doc/projects_mmc_docs_sprint-plan.html
  ✓ doc/projects_mmc_docs_architecture.html
  ✓ doc/projects_mmc_docs_roadmap.html
  ✓ doc/MMC_meat-machine-cycle_PROJECT_STRUCTURE.html
  ✓ doc/projects_research_blender-ai-pipeline.html
  ✓ doc/projects_research_gamedev-engines-ai.html
  ✓ doc/projects_research_multi-machine-agent-teams.html
  ✓ doc/projects_research_n8n-workflow-automation.html
  ✓ news.html
  ✓ news/2026-02-27.html
  ✓ news/2026-02-24.html
  ✓ news/2026-02-23.html
  ✓ news/2026-02-22.html
  ✓ 404.html

🔮 Build complete: 16 pages → dist/
📦 Committing changes...
[main 6ff0d5e] 🔮 Auto-deploy 2026-02-27 07:00
 5 files changed, 370 insertions(+), 2 deletions(-)
 create mode 100644 dist/news/2026-02-27.html
🚀 Pushing to GitHub...
✅ Deployed! Cloudflare Pages will build automatically.
🔮 Building static site...
🔮 PRISM Hub — Static Build

  ✓ index.html
  ✓ doc/projects_mmc_docs_gdd-v2.2.html
  ✓ doc/projects_mmc_docs_sprint-plan.html
  ✓ doc/projects_mmc_docs_architecture.html
  ✓ doc/projects_mmc_docs_roadmap.html
  ✓ doc/MMC_meat-machine-cycle_PROJECT_STRUCTURE.html
  ✓ doc/projects_research_blender-ai-pipeline.html
  ✓ doc/projects_research_gamedev-engines-ai.html
  ✓ doc/projects_research_multi-machine-agent-teams.html
  ✓ doc/projects_research_n8n-workflow-automation.html
  ✓ news.html
  ✓ news/2026-02-28.html
  ✓ news/2026-02-27.html
  ✓ news/2026-02-24.html
  ✓ news/2026-02-23.html
  ✓ news/2026-02-22.html
  ✓ 404.html

🔮 Build complete: 17 pages → dist/
📦 Committing changes...
[main 7df8316] 🔮 Auto-deploy 2026-02-28 07:00
 5 files changed, 351 insertions(+), 3 deletions(-)
 create mode 100644 dist/news/2026-02-28.html
🚀 Pushing to GitHub...
✅ Deployed! Cloudflare Pages will build automatically.
🔮 Building static site...
🔮 PRISM Hub — Static Build

  ✓ index.html
  ✓ doc/projects_mmc_docs_gdd-v2.2.html
  ✓ doc/projects_mmc_docs_sprint-plan.html
  ✓ doc/projects_mmc_docs_architecture.html
  ✓ doc/projects_mmc_docs_roadmap.html
  ✓ doc/MMC_meat-machine-cycle_PROJECT_STRUCTURE.html
  ✓ doc/projects_research_blender-ai-pipeline.html
  ✓ doc/projects_research_gamedev-engines-ai.html
  ✓ doc/projects_research_multi-machine-agent-teams.html
  ✓ doc/projects_research_n8n-workflow-automation.html
  ✓ news.html
  ✓ news/2026-03-01.html
  ✓ news/2026-02-28.html
  ✓ news/2026-02-27.html
  ✓ news/2026-02-24.html
  ✓ news/2026-02-23.html
  ✓ news/2026-02-22.html
  ✓ 404.html

🔮 Build complete: 18 pages → dist/
📦 Committing changes...
[main 1702057] 🔮 Auto-deploy 2026-03-01 07:00
 5 files changed, 403 insertions(+), 3 deletions(-)
 create mode 100644 dist/news/2026-03-01.html
🚀 Pushing to GitHub...
✅ Deployed! Cloudflare Pages will build automatically.
🔮 Building static site...
🔮 PRISM Hub — Static Build

  ✓ index.html
  ✓ doc/projects_mmc_docs_gdd-v2.2.html
  ✓ doc/projects_mmc_docs_sprint-plan.html
  ✓ doc/projects_mmc_docs_architecture.html
  ✓ doc/projects_mmc_docs_roadmap.html
  ✓ doc/MMC_meat-machine-cycle_PROJECT_STRUCTURE.html
  ✓ doc/projects_research_blender-ai-pipeline.html
  ✓ doc/projects_research_gamedev-engines-ai.html
  ✓ doc/projects_research_multi-machine-agent-teams.html
  ✓ doc/projects_research_n8n-workflow-automation.html
  ✓ news.html
  ✓ news/2026-03-02.html
  ✓ news/2026-03-01.html
  ✓ news/2026-02-28.html
  ✓ news/2026-02-27.html
  ✓ news/2026-02-24.html
  ✓ news/2026-02-23.html
  ✓ news/2026-02-22.html
  ✓ 404.html

🔮 Build complete: 19 pages → dist/
📦 Committing changes...
